2024-12-21 10:21:48 DEBUG TestNG:82 - suiteXmlPath: "C:\Workspace24\OpencartV2.1\master.xml"
2024-12-21 10:24:15 DEBUG TestNG:82 - suiteXmlPath: "C:\Workspace24\OpencartV2.1\master.xml"
2024-12-21 11:26:59 DEBUG TestNG:82 - suiteXmlPath: "C:\Workspace24\OpencartV2.1\grid-docker.xml"
2024-12-21 11:27:00 INFO  Utils:112 - [TestNG] Running:
  C:\Workspace24\OpencartV2.1\grid-docker.xml

2024-12-21 11:31:04 DEBUG TestNG:82 - suiteXmlPath: "C:\Workspace24\OpencartV2.1\grid-docker.xml"
2024-12-21 11:31:04 INFO  Utils:112 - [TestNG] Running:
  C:\Workspace24\OpencartV2.1\grid-docker.xml

2024-12-21 12:32:46 DEBUG TestNG:82 - suiteXmlPath: "C:\Workspace24\OpencartV2.1\grid-docker.xml"
2024-12-21 12:32:47 INFO  Utils:112 - [TestNG] Running:
  C:\Workspace24\OpencartV2.1\grid-docker.xml

2024-12-21 12:38:51 DEBUG TestNG:82 - suiteXmlPath: "C:\Workspace24\OpencartV2.1\grid-docker.xml"
2024-12-21 12:38:52 INFO  Utils:112 - [TestNG] Running:
  C:\Workspace24\OpencartV2.1\grid-docker.xml

2024-12-21 12:43:58 DEBUG TestNG:82 - suiteXmlPath: "C:\Workspace24\OpencartV2.1\grid-docker.xml"
2024-12-21 12:43:59 INFO  Utils:112 - [TestNG] Running:
  C:\Workspace24\OpencartV2.1\grid-docker.xml

2024-12-21 12:44:06 INFO  TC001_AccountRegistrationTest:17 - **** Starting TC001_AccountRegistrationTest ****
2024-12-21 12:44:06 INFO  TC001_AccountRegistrationTest:23 - **** Clicked on MyAccount Link ****
2024-12-21 12:44:07 INFO  TC001_AccountRegistrationTest:26 - **** Clicked on Register Link ****
2024-12-21 12:44:07 INFO  TC001_AccountRegistrationTest:29 - **** Providing Customer details.. ****
2024-12-21 12:44:10 INFO  TC001_AccountRegistrationTest:44 - **** Validating expected message ****
2024-12-21 12:44:10 INFO  TC001_AccountRegistrationTest:59 - **** Finished TC001_AccountRegistrationTest ****
2024-12-21 12:44:14 INFO  TC002_LoginTest:15 - **** Starting TC002_LoginTest ****
2024-12-21 12:44:17 INFO  TC002_LoginTest:38 - **** Finished TC002_LoginTest ****
2024-12-21 12:44:50 DEBUG TestNG:82 - suiteXmlPath: "C:\Workspace24\OpencartV2.1\grid-docker.xml"
2024-12-21 12:44:50 INFO  Utils:112 - [TestNG] Running:
  C:\Workspace24\OpencartV2.1\grid-docker.xml

2024-12-21 12:44:56 INFO  TC001_AccountRegistrationTest:17 - **** Starting TC001_AccountRegistrationTest ****
2024-12-21 12:44:56 INFO  TC001_AccountRegistrationTest:23 - **** Clicked on MyAccount Link ****
2024-12-21 12:44:57 INFO  TC001_AccountRegistrationTest:26 - **** Clicked on Register Link ****
2024-12-21 12:44:57 INFO  TC001_AccountRegistrationTest:29 - **** Providing Customer details.. ****
2024-12-21 12:44:59 INFO  TC001_AccountRegistrationTest:44 - **** Validating expected message ****
2024-12-21 12:44:59 INFO  TC001_AccountRegistrationTest:59 - **** Finished TC001_AccountRegistrationTest ****
2024-12-21 12:45:04 INFO  TC002_LoginTest:15 - **** Starting TC002_LoginTest ****
2024-12-21 12:45:07 INFO  TC002_LoginTest:38 - **** Finished TC002_LoginTest ****
2024-12-21 12:45:17 INFO  TC001_AccountRegistrationTest:17 - **** Starting TC001_AccountRegistrationTest ****
2024-12-21 12:45:18 INFO  TC001_AccountRegistrationTest:23 - **** Clicked on MyAccount Link ****
2024-12-21 12:45:18 INFO  TC001_AccountRegistrationTest:26 - **** Clicked on Register Link ****
2024-12-21 12:45:18 INFO  TC001_AccountRegistrationTest:29 - **** Providing Customer details.. ****
2024-12-21 12:45:20 INFO  TC001_AccountRegistrationTest:44 - **** Validating expected message ****
2024-12-21 12:45:20 INFO  TC001_AccountRegistrationTest:59 - **** Finished TC001_AccountRegistrationTest ****
2024-12-21 12:45:27 INFO  TC002_LoginTest:15 - **** Starting TC002_LoginTest ****
2024-12-21 12:45:29 INFO  TC002_LoginTest:38 - **** Finished TC002_LoginTest ****
2024-12-21 12:45:48 DEBUG TestNG:82 - suiteXmlPath: "C:\Workspace24\OpencartV2.1\grid-docker.xml"
2024-12-21 12:45:49 INFO  Utils:112 - [TestNG] Running:
  C:\Workspace24\OpencartV2.1\grid-docker.xml

2024-12-21 12:45:53 INFO  TC001_AccountRegistrationTest:17 - **** Starting TC001_AccountRegistrationTest ****
2024-12-21 12:45:54 INFO  TC001_AccountRegistrationTest:23 - **** Clicked on MyAccount Link ****
2024-12-21 12:45:55 INFO  TC001_AccountRegistrationTest:26 - **** Clicked on Register Link ****
2024-12-21 12:45:55 INFO  TC001_AccountRegistrationTest:29 - **** Providing Customer details.. ****
2024-12-21 12:45:57 INFO  TC001_AccountRegistrationTest:44 - **** Validating expected message ****
2024-12-21 12:45:57 INFO  TC001_AccountRegistrationTest:59 - **** Finished TC001_AccountRegistrationTest ****
2024-12-21 12:46:01 INFO  TC002_LoginTest:15 - **** Starting TC002_LoginTest ****
2024-12-21 12:46:03 INFO  TC002_LoginTest:38 - **** Finished TC002_LoginTest ****
2024-12-21 12:46:12 INFO  TC001_AccountRegistrationTest:17 - **** Starting TC001_AccountRegistrationTest ****
2024-12-21 12:46:12 INFO  TC001_AccountRegistrationTest:23 - **** Clicked on MyAccount Link ****
2024-12-21 12:46:13 INFO  TC001_AccountRegistrationTest:26 - **** Clicked on Register Link ****
2024-12-21 12:46:13 INFO  TC001_AccountRegistrationTest:29 - **** Providing Customer details.. ****
2024-12-21 12:46:14 INFO  TC001_AccountRegistrationTest:44 - **** Validating expected message ****
2024-12-21 12:46:14 INFO  TC001_AccountRegistrationTest:59 - **** Finished TC001_AccountRegistrationTest ****
2024-12-21 12:46:22 INFO  TC002_LoginTest:15 - **** Starting TC002_LoginTest ****
2024-12-21 12:46:24 INFO  TC002_LoginTest:38 - **** Finished TC002_LoginTest ****
2024-12-21 12:47:45 DEBUG TestNG:82 - suiteXmlPath: "C:\Workspace24\OpencartV2.1\grid-docker.xml"
2024-12-21 12:47:46 INFO  Utils:112 - [TestNG] Running:
  C:\Workspace24\OpencartV2.1\grid-docker.xml

2024-12-21 12:57:45 DEBUG TestNG:82 - suiteXmlPath: "C:\Workspace24\OpencartV2.1\grid-docker.xml"
2024-12-21 12:57:45 INFO  Utils:112 - [TestNG] Running:
  C:\Workspace24\OpencartV2.1\grid-docker.xml

2024-12-21 12:57:55 INFO  TC001_AccountRegistrationTest:17 - **** Starting TC001_AccountRegistrationTest ****
2024-12-21 12:57:55 INFO  TC001_AccountRegistrationTest:23 - **** Clicked on MyAccount Link ****
2024-12-21 12:57:57 INFO  TC001_AccountRegistrationTest:26 - **** Clicked on Register Link ****
2024-12-21 12:57:57 INFO  TC001_AccountRegistrationTest:29 - **** Providing Customer details.. ****
2024-12-21 12:58:00 INFO  TC001_AccountRegistrationTest:44 - **** Validating expected message ****
2024-12-21 12:58:00 INFO  TC001_AccountRegistrationTest:59 - **** Finished TC001_AccountRegistrationTest ****
2024-12-21 12:58:04 INFO  TC002_LoginTest:15 - **** Starting TC002_LoginTest ****
2024-12-21 12:58:06 INFO  TC002_LoginTest:38 - **** Finished TC002_LoginTest ****
2024-12-21 12:58:42 DEBUG TestNG:82 - suiteXmlPath: "C:\Workspace24\OpencartV2.1\grid-docker.xml"
2024-12-21 12:58:43 INFO  Utils:112 - [TestNG] Running:
  C:\Workspace24\OpencartV2.1\grid-docker.xml

2024-12-21 12:58:47 INFO  TC001_AccountRegistrationTest:17 - **** Starting TC001_AccountRegistrationTest ****
2024-12-21 12:58:47 INFO  TC001_AccountRegistrationTest:23 - **** Clicked on MyAccount Link ****
2024-12-21 12:58:48 INFO  TC001_AccountRegistrationTest:26 - **** Clicked on Register Link ****
2024-12-21 12:58:48 INFO  TC001_AccountRegistrationTest:29 - **** Providing Customer details.. ****
2024-12-21 12:58:50 INFO  TC001_AccountRegistrationTest:44 - **** Validating expected message ****
2024-12-21 12:58:51 INFO  TC001_AccountRegistrationTest:59 - **** Finished TC001_AccountRegistrationTest ****
2024-12-21 12:58:54 INFO  TC002_LoginTest:15 - **** Starting TC002_LoginTest ****
2024-12-21 12:58:56 INFO  TC002_LoginTest:38 - **** Finished TC002_LoginTest ****
2024-12-21 12:59:14 INFO  TC001_AccountRegistrationTest:17 - **** Starting TC001_AccountRegistrationTest ****
2024-12-21 12:59:14 INFO  TC001_AccountRegistrationTest:23 - **** Clicked on MyAccount Link ****
2024-12-21 12:59:15 INFO  TC001_AccountRegistrationTest:26 - **** Clicked on Register Link ****
2024-12-21 12:59:15 INFO  TC001_AccountRegistrationTest:29 - **** Providing Customer details.. ****
2024-12-21 12:59:17 INFO  TC001_AccountRegistrationTest:44 - **** Validating expected message ****
2024-12-21 12:59:17 INFO  TC001_AccountRegistrationTest:59 - **** Finished TC001_AccountRegistrationTest ****
2024-12-21 12:59:25 INFO  TC002_LoginTest:15 - **** Starting TC002_LoginTest ****
2024-12-21 12:59:28 INFO  TC002_LoginTest:38 - **** Finished TC002_LoginTest ****
2024-12-21 13:11:07 DEBUG TestNG:82 - suiteXmlPath: "C:\Workspace24\OpencartV2.1\grid-docker.xml"
2024-12-21 13:11:08 INFO  Utils:112 - [TestNG] Running:
  C:\Workspace24\OpencartV2.1\grid-docker.xml

2024-12-21 13:11:15 INFO  TC001_AccountRegistrationTest:17 - **** Starting TC001_AccountRegistrationTest ****
2024-12-21 13:11:15 INFO  TC001_AccountRegistrationTest:23 - **** Clicked on MyAccount Link ****
2024-12-21 13:11:16 INFO  TC001_AccountRegistrationTest:26 - **** Clicked on Register Link ****
2024-12-21 13:11:16 INFO  TC001_AccountRegistrationTest:29 - **** Providing Customer details.. ****
2024-12-21 13:11:19 INFO  TC001_AccountRegistrationTest:44 - **** Validating expected message ****
2024-12-21 13:11:19 INFO  TC001_AccountRegistrationTest:59 - **** Finished TC001_AccountRegistrationTest ****
2024-12-21 13:11:22 INFO  TC002_LoginTest:15 - **** Starting TC002_LoginTest ****
2024-12-21 13:11:25 INFO  TC002_LoginTest:38 - **** Finished TC002_LoginTest ****
2024-12-21 13:11:41 INFO  TC001_AccountRegistrationTest:17 - **** Starting TC001_AccountRegistrationTest ****
2024-12-21 13:11:41 INFO  TC001_AccountRegistrationTest:23 - **** Clicked on MyAccount Link ****
2024-12-21 13:11:42 INFO  TC001_AccountRegistrationTest:26 - **** Clicked on Register Link ****
2024-12-21 13:11:42 INFO  TC001_AccountRegistrationTest:29 - **** Providing Customer details.. ****
2024-12-21 13:11:45 INFO  TC001_AccountRegistrationTest:44 - **** Validating expected message ****
2024-12-21 13:11:45 INFO  TC001_AccountRegistrationTest:59 - **** Finished TC001_AccountRegistrationTest ****
2024-12-21 13:11:54 INFO  TC002_LoginTest:15 - **** Starting TC002_LoginTest ****
2024-12-21 13:11:56 INFO  TC002_LoginTest:38 - **** Finished TC002_LoginTest ****
2024-12-21 13:21:39 DEBUG TestNG:82 - suiteXmlPath: "C:\Workspace24\OpencartV2.1\master.xml"
2024-12-21 13:21:40 INFO  Utils:112 - [TestNG] Running:
  C:\Workspace24\OpencartV2.1\master.xml

2024-12-21 13:22:22 DEBUG TestNG:82 - suiteXmlPath: "C:\Workspace24\OpencartV2.1\master.xml"
2024-12-21 13:22:27 INFO  TC001_AccountRegistrationTest:17 - **** Starting TC001_AccountRegistrationTest ****
2024-12-21 13:22:28 INFO  TC001_AccountRegistrationTest:23 - **** Clicked on MyAccount Link ****
2024-12-21 13:22:29 INFO  TC001_AccountRegistrationTest:26 - **** Clicked on Register Link ****
2024-12-21 13:22:29 INFO  TC001_AccountRegistrationTest:29 - **** Providing Customer details.. ****
2024-12-21 13:22:32 INFO  TC001_AccountRegistrationTest:44 - **** Validating expected message ****
2024-12-21 13:22:32 INFO  TC001_AccountRegistrationTest:59 - **** Finished TC001_AccountRegistrationTest ****
2024-12-21 13:22:36 INFO  TC002_LoginTest:15 - **** Starting TC002_LoginTest ****
2024-12-21 13:22:39 INFO  TC002_LoginTest:38 - **** Finished TC002_LoginTest ****
2024-12-21 13:29:48 DEBUG TestNG:82 - suiteXmlPath: "C:\Workspace24\OpencartV2.1\master.xml"
2024-12-21 13:29:53 INFO  TC001_AccountRegistrationTest:17 - **** Starting TC001_AccountRegistrationTest ****
2024-12-21 13:29:53 INFO  TC001_AccountRegistrationTest:23 - **** Clicked on MyAccount Link ****
2024-12-21 13:29:54 INFO  TC001_AccountRegistrationTest:26 - **** Clicked on Register Link ****
2024-12-21 13:29:54 INFO  TC001_AccountRegistrationTest:29 - **** Providing Customer details.. ****
2024-12-21 13:29:57 INFO  TC001_AccountRegistrationTest:44 - **** Validating expected message ****
2024-12-21 13:29:57 INFO  TC001_AccountRegistrationTest:59 - **** Finished TC001_AccountRegistrationTest ****
2024-12-21 13:30:01 INFO  TC002_LoginTest:15 - **** Starting TC002_LoginTest ****
2024-12-21 13:30:06 INFO  TC002_LoginTest:38 - **** Finished TC002_LoginTest ****
2024-12-21 13:32:47 DEBUG TestNG:82 - suiteXmlPath: "C:\Workspace24\OpencartV2.1\master.xml"
2024-12-21 13:32:52 INFO  TC001_AccountRegistrationTest:17 - **** Starting TC001_AccountRegistrationTest ****
2024-12-21 13:32:53 INFO  TC001_AccountRegistrationTest:23 - **** Clicked on MyAccount Link ****
2024-12-21 13:32:53 INFO  TC001_AccountRegistrationTest:26 - **** Clicked on Register Link ****
2024-12-21 13:32:53 INFO  TC001_AccountRegistrationTest:29 - **** Providing Customer details.. ****
2024-12-21 13:32:56 INFO  TC001_AccountRegistrationTest:44 - **** Validating expected message ****
2024-12-21 13:32:56 INFO  TC001_AccountRegistrationTest:59 - **** Finished TC001_AccountRegistrationTest ****
2024-12-21 13:33:01 INFO  TC002_LoginTest:15 - **** Starting TC002_LoginTest ****
2024-12-21 13:33:03 INFO  TC002_LoginTest:38 - **** Finished TC002_LoginTest ****
